The system is: CYGWIN - 1.7.33-2(0.280/5/3) - x86_64
Compiling the C compiler identification source file "CMakeCCompilerId.c" succeeded.
Compiler: /usr/bin/cc 
Build flags: 
Id flags: 

The output was:
0


Compilation of the C compiler identification source "CMakeCCompilerId.c" produced "a.exe"

The C compiler identification is GNU, found in "/home/mart/hpce-2014-cw4-master/CMakeFiles/2.8.11.2/CompilerIdC/a.exe"

Compiling the CXX compiler identification source file "CMakeCXXCompilerId.cpp" succeeded.
Compiler: /usr/bin/c++.exe 
Build flags: 
Id flags: 

The output was:
0


Compilation of the CXX compiler identification source "CMakeCXXCompilerId.cpp" produced "a.exe"

The CXX compiler identification is GNU, found in "/home/mart/hpce-2014-cw4-master/CMakeFiles/2.8.11.2/CompilerIdCXX/a.exe"

Determining if the C compiler works passed with the following output:
Change Dir: /home/mart/hpce-2014-cw4-master/CMakeFiles/CMakeTmp

Run Build Command:/usr/bin/make.exe "cmTryCompileExec1090604825/fast"
/usr/bin/make -f CMakeFiles/cmTryCompileExec1090604825.dir/build.make CMakeFiles/cmTryCompileExec1090604825.dir/build
make[1]: Entering directory '/home/mart/hpce-2014-cw4-master/CMakeFiles/CMakeTmp'
/usr/bin/cmake.exe -E cmake_progress_report /home/mart/hpce-2014-cw4-master/CMakeFiles/CMakeTmp/CMakeFiles 1
Building C object CMakeFiles/cmTryCompileExec1090604825.dir/testCCompiler.c.o
/usr/bin/cc    -o CMakeFiles/cmTryCompileExec1090604825.dir/testCCompiler.c.o   -c /home/mart/hpce-2014-cw4-master/CMakeFiles/CMakeTmp/testCCompiler.c
Linking C executable cmTryCompileExec1090604825.exe
/usr/bin/cmake.exe -E cmake_link_script CMakeFiles/cmTryCompileExec1090604825.dir/link.txt --verbose=1
/usr/bin/cc       -Wl,--enable-auto-import  CMakeFiles/cmTryCompileExec1090604825.dir/testCCompiler.c.o  -o cmTryCompileExec1090604825.exe -Wl,--out-implib,libcmTryCompileExec1090604825.dll.a -Wl,--major-image-version,0,--minor-image-version,0  
make[1]: Leaving directory '/home/mart/hpce-2014-cw4-master/CMakeFiles/CMakeTmp'


Detecting C compiler ABI info compiled with the following output:
Change Dir: /home/mart/hpce-2014-cw4-master/CMakeFiles/CMakeTmp

Run Build Command:/usr/bin/make.exe "cmTryCompileExec2298035840/fast"
/usr/bin/make -f CMakeFiles/cmTryCompileExec2298035840.dir/build.make CMakeFiles/cmTryCompileExec2298035840.dir/build
make[1]: Entering directory '/home/mart/hpce-2014-cw4-master/CMakeFiles/CMakeTmp'
/usr/bin/cmake.exe -E cmake_progress_report /home/mart/hpce-2014-cw4-master/CMakeFiles/CMakeTmp/CMakeFiles 1
Building C object CMakeFiles/cmTryCompileExec2298035840.dir/CMakeCCompilerABI.c.o
/usr/bin/cc    -o CMakeFiles/cmTryCompileExec2298035840.dir/CMakeCCompilerABI.c.o   -c /usr/share/cmake-2.8.11.2/Modules/CMakeCCompilerABI.c
Linking C executable cmTryCompileExec2298035840.exe
/usr/bin/cmake.exe -E cmake_link_script CMakeFiles/cmTryCompileExec2298035840.dir/link.txt --verbose=1
/usr/bin/cc       -v CMakeFiles/cmTryCompileExec2298035840.dir/CMakeCCompilerABI.c.o  -o cmTryCompileExec2298035840.exe -Wl,--out-implib,libcmTryCompileExec2298035840.dll.a -Wl,--major-image-version,0,--minor-image-version,0   
Using built-in specs.
COLLECT_GCC=/usr/bin/cc
COLLECT_LTO_WRAPPER=/usr/lib/gcc/x86_64-pc-cygwin/4.9.2/lto-wrapper.exe
Target: x86_64-pc-cygwin
Configured with: /cygdrive/i/szsz/tmpp/gcc/gcc-4.9.2-2.x86_64/src/gcc-4.9.2/configure --srcdir=/cygdrive/i/szsz/tmpp/gcc/gcc-4.9.2-2.x86_64/src/gcc-4.9.2 --prefix=/usr --exec-prefix=/usr --bindir=/usr/bin --sbindir=/usr/sbin --libexecdir=/usr/libexec --datadir=/usr/share --localstatedir=/var --sysconfdir=/etc --libdir=/usr/lib --datarootdir=/usr/share --docdir=/usr/share/doc/gcc --htmldir=/usr/share/doc/gcc/html -C --build=x86_64-pc-cygwin --host=x86_64-pc-cygwin --target=x86_64-pc-cygwin --without-libiconv-prefix --without-libintl-prefix --libexecdir=/usr/lib --enable-shared --enable-shared-libgcc --enable-static --enable-version-specific-runtime-libs --enable-bootstrap --enable-__cxa_atexit --with-dwarf2 --with-tune=generic --enable-languages=ada,c,c++,fortran,lto,objc,obj-c++ --enable-graphite --enable-threads=posix --enable-libatomic --enable-libgomp --disable-libitm --enable-libquadmath --enable-libquadmath-support --enable-libssp --enable-libada --enable-libgcj-sublibs --disable-java-awt --disable-symvers --with-ecj-jar=/usr/share/java/ecj.jar --with-gnu-ld --with-gnu-as --with-cloog-include=/usr/include/cloog-isl --without-libiconv-prefix --without-libintl-prefix --with-system-zlib --enable-linker-build-id
Thread model: posix
gcc version 4.9.2 (GCC) 
COMPILER_PATH=/usr/lib/gcc/x86_64-pc-cygwin/4.9.2/:/usr/lib/gcc/x86_64-pc-cygwin/4.9.2/:/usr/lib/gcc/x86_64-pc-cygwin/:/usr/lib/gcc/x86_64-pc-cygwin/4.9.2/:/usr/lib/gcc/x86_64-pc-cygwin/:/usr/lib/gcc/x86_64-pc-cygwin/4.9.2/../../../../x86_64-pc-cygwin/bin/
LIBRARY_PATH=/usr/lib/gcc/x86_64-pc-cygwin/4.9.2/:/usr/lib/gcc/x86_64-pc-cygwin/4.9.2/../../../../x86_64-pc-cygwin/lib/../lib/:/usr/lib/gcc/x86_64-pc-cygwin/4.9.2/../../../../lib/:/lib/../lib/:/usr/lib/../lib/:/usr/lib/gcc/x86_64-pc-cygwin/4.9.2/../../../../x86_64-pc-cygwin/lib/:/usr/lib/gcc/x86_64-pc-cygwin/4.9.2/../../../:/lib/:/usr/lib/
COLLECT_GCC_OPTIONS='-v' '-o' 'cmTryCompileExec2298035840.exe' '-mtune=generic' '-march=x86-64'
 /usr/lib/gcc/x86_64-pc-cygwin/4.9.2/collect2.exe -plugin /usr/lib/gcc/x86_64-pc-cygwin/4.9.2/cyglto_plugin.dll -plugin-opt=/usr/lib/gcc/x86_64-pc-cygwin/4.9.2/lto-wrapper.exe -plugin-opt=-fresolution=/tmp/ccXmm8Lh.res -plugin-opt=-pass-through=-lgcc_s -plugin-opt=-pass-through=-lgcc -plugin-opt=-pass-through=-lcygwin -plugin-opt=-pass-through=-ladvapi32 -plugin-opt=-pass-through=-lshell32 -plugin-opt=-pass-through=-luser32 -plugin-opt=-pass-through=-lkernel32 -plugin-opt=-pass-through=-lgcc_s -plugin-opt=-pass-through=-lgcc --build-id -m i386pep --wrap _Znwm --wrap _Znam --wrap _ZdlPv --wrap _ZdaPv --wrap _ZnwmRKSt9nothrow_t --wrap _ZnamRKSt9nothrow_t --wrap _ZdlPvRKSt9nothrow_t --wrap _ZdaPvRKSt9nothrow_t -Bdynamic --dll-search-prefix=cyg -tsaware -o cmTryCompileExec2298035840.exe /usr/lib/gcc/x86_64-pc-cygwin/4.9.2/../../../../lib/crt0.o /usr/lib/gcc/x86_64-pc-cygwin/4.9.2/crtbegin.o -L/usr/lib/gcc/x86_64-pc-cygwin/4.9.2 -L/usr/lib/gcc/x86_64-pc-cygwin/4.9.2/../../../../x86_64-pc-cygwin/lib/../lib -L/usr/lib/gcc/x86_64-pc-cygwin/4.9.2/../../../../lib -L/lib/../lib -L/usr/lib/../lib -L/usr/lib/gcc/x86_64-pc-cygwin/4.9.2/../../../../x86_64-pc-cygwin/lib -L/usr/lib/gcc/x86_64-pc-cygwin/4.9.2/../../.. CMakeFiles/cmTryCompileExec2298035840.dir/CMakeCCompilerABI.c.o --out-implib libcmTryCompileExec2298035840.dll.a --major-image-version 0 --minor-image-version 0 -lgcc_s -lgcc -lcygwin -ladvapi32 -lshell32 -luser32 -lkernel32 -lgcc_s -lgcc /usr/lib/gcc/x86_64-pc-cygwin/4.9.2/../../../../lib/default-manifest.o /usr/lib/gcc/x86_64-pc-cygwin/4.9.2/crtend.o
make[1]: Leaving directory '/home/mart/hpce-2014-cw4-master/CMakeFiles/CMakeTmp'


Parsed C implicit link information from above output:
  link line regex: [^( *|.*[/\])(ld.exe|ld|collect2)[^/\]*( |$)]
  ignore line: [Change Dir: /home/mart/hpce-2014-cw4-master/CMakeFiles/CMakeTmp]
  ignore line: []
  ignore line: [Run Build Command:/usr/bin/make.exe "cmTryCompileExec2298035840/fast"]
  ignore line: [/usr/bin/make -f CMakeFiles/cmTryCompileExec2298035840.dir/build.make CMakeFiles/cmTryCompileExec2298035840.dir/build]
  ignore line: [make[1]: Entering directory '/home/mart/hpce-2014-cw4-master/CMakeFiles/CMakeTmp']
  ignore line: [/usr/bin/cmake.exe -E cmake_progress_report /home/mart/hpce-2014-cw4-master/CMakeFiles/CMakeTmp/CMakeFiles 1]
  ignore line: [Building C object CMakeFiles/cmTryCompileExec2298035840.dir/CMakeCCompilerABI.c.o]
  ignore line: [/usr/bin/cc    -o CMakeFiles/cmTryCompileExec2298035840.dir/CMakeCCompilerABI.c.o   -c /usr/share/cmake-2.8.11.2/Modules/CMakeCCompilerABI.c]
  ignore line: [Linking C executable cmTryCompileExec2298035840.exe]
  ignore line: [/usr/bin/cmake.exe -E cmake_link_script CMakeFiles/cmTryCompileExec2298035840.dir/link.txt --verbose=1]
  ignore line: [/usr/bin/cc       -v CMakeFiles/cmTryCompileExec2298035840.dir/CMakeCCompilerABI.c.o  -o cmTryCompileExec2298035840.exe -Wl,--out-implib,libcmTryCompileExec2298035840.dll.a -Wl,--major-image-version,0,--minor-image-version,0   ]
  ignore line: [Using built-in specs.]
  ignore line: [COLLECT_GCC=/usr/bin/cc]
  ignore line: [COLLECT_LTO_WRAPPER=/usr/lib/gcc/x86_64-pc-cygwin/4.9.2/lto-wrapper.exe]
  ignore line: [Target: x86_64-pc-cygwin]
  ignore line: [Configured with: /cygdrive/i/szsz/tmpp/gcc/gcc-4.9.2-2.x86_64/src/gcc-4.9.2/configure --srcdir=/cygdrive/i/szsz/tmpp/gcc/gcc-4.9.2-2.x86_64/src/gcc-4.9.2 --prefix=/usr --exec-prefix=/usr --bindir=/usr/bin --sbindir=/usr/sbin --libexecdir=/usr/libexec --datadir=/usr/share --localstatedir=/var --sysconfdir=/etc --libdir=/usr/lib --datarootdir=/usr/share --docdir=/usr/share/doc/gcc --htmldir=/usr/share/doc/gcc/html -C --build=x86_64-pc-cygwin --host=x86_64-pc-cygwin --target=x86_64-pc-cygwin --without-libiconv-prefix --without-libintl-prefix --libexecdir=/usr/lib --enable-shared --enable-shared-libgcc --enable-static --enable-version-specific-runtime-libs --enable-bootstrap --enable-__cxa_atexit --with-dwarf2 --with-tune=generic --enable-languages=ada,c,c++,fortran,lto,objc,obj-c++ --enable-graphite --enable-threads=posix --enable-libatomic --enable-libgomp --disable-libitm --enable-libquadmath --enable-libquadmath-support --enable-libssp --enable-libada --enable-libgcj-sublibs --disable-java-awt --disable-symvers --with-ecj-jar=/usr/share/java/ecj.jar --with-gnu-ld --with-gnu-as --with-cloog-include=/usr/include/cloog-isl --without-libiconv-prefix --without-libintl-prefix --with-system-zlib --enable-linker-build-id]
  ignore line: [Thread model: posix]
  ignore line: [gcc version 4.9.2 (GCC) ]
  ignore line: [COMPILER_PATH=/usr/lib/gcc/x86_64-pc-cygwin/4.9.2/:/usr/lib/gcc/x86_64-pc-cygwin/4.9.2/:/usr/lib/gcc/x86_64-pc-cygwin/:/usr/lib/gcc/x86_64-pc-cygwin/4.9.2/:/usr/lib/gcc/x86_64-pc-cygwin/:/usr/lib/gcc/x86_64-pc-cygwin/4.9.2/../../../../x86_64-pc-cygwin/bin/]
  ignore line: [LIBRARY_PATH=/usr/lib/gcc/x86_64-pc-cygwin/4.9.2/:/usr/lib/gcc/x86_64-pc-cygwin/4.9.2/../../../../x86_64-pc-cygwin/lib/../lib/:/usr/lib/gcc/x86_64-pc-cygwin/4.9.2/../../../../lib/:/lib/../lib/:/usr/lib/../lib/:/usr/lib/gcc/x86_64-pc-cygwin/4.9.2/../../../../x86_64-pc-cygwin/lib/:/usr/lib/gcc/x86_64-pc-cygwin/4.9.2/../../../:/lib/:/usr/lib/]
  ignore line: [COLLECT_GCC_OPTIONS='-v' '-o' 'cmTryCompileExec2298035840.exe' '-mtune=generic' '-march=x86-64']
  link line: [ /usr/lib/gcc/x86_64-pc-cygwin/4.9.2/collect2.exe -plugin /usr/lib/gcc/x86_64-pc-cygwin/4.9.2/cyglto_plugin.dll -plugin-opt=/usr/lib/gcc/x86_64-pc-cygwin/4.9.2/lto-wrapper.exe -plugin-opt=-fresolution=/tmp/ccXmm8Lh.res -plugin-opt=-pass-through=-lgcc_s -plugin-opt=-pass-through=-lgcc -plugin-opt=-pass-through=-lcygwin -plugin-opt=-pass-through=-ladvapi32 -plugin-opt=-pass-through=-lshell32 -plugin-opt=-pass-through=-luser32 -plugin-opt=-pass-through=-lkernel32 -plugin-opt=-pass-through=-lgcc_s -plugin-opt=-pass-through=-lgcc --build-id -m i386pep --wrap _Znwm --wrap _Znam --wrap _ZdlPv --wrap _ZdaPv --wrap _ZnwmRKSt9nothrow_t --wrap _ZnamRKSt9nothrow_t --wrap _ZdlPvRKSt9nothrow_t --wrap _ZdaPvRKSt9nothrow_t -Bdynamic --dll-search-prefix=cyg -tsaware -o cmTryCompileExec2298035840.exe /usr/lib/gcc/x86_64-pc-cygwin/4.9.2/../../../../lib/crt0.o /usr/lib/gcc/x86_64-pc-cygwin/4.9.2/crtbegin.o -L/usr/lib/gcc/x86_64-pc-cygwin/4.9.2 -L/usr/lib/gcc/x86_64-pc-cygwin/4.9.2/../../../../x86_64-pc-cygwin/lib/../lib -L/usr/lib/gcc/x86_64-pc-cygwin/4.9.2/../../../../lib -L/lib/../lib -L/usr/lib/../lib -L/usr/lib/gcc/x86_64-pc-cygwin/4.9.2/../../../../x86_64-pc-cygwin/lib -L/usr/lib/gcc/x86_64-pc-cygwin/4.9.2/../../.. CMakeFiles/cmTryCompileExec2298035840.dir/CMakeCCompilerABI.c.o --out-implib libcmTryCompileExec2298035840.dll.a --major-image-version 0 --minor-image-version 0 -lgcc_s -lgcc -lcygwin -ladvapi32 -lshell32 -luser32 -lkernel32 -lgcc_s -lgcc /usr/lib/gcc/x86_64-pc-cygwin/4.9.2/../../../../lib/default-manifest.o /usr/lib/gcc/x86_64-pc-cygwin/4.9.2/crtend.o]
    arg [/usr/lib/gcc/x86_64-pc-cygwin/4.9.2/collect2.exe] ==> ignore
    arg [-plugin] ==> ignore
    arg [/usr/lib/gcc/x86_64-pc-cygwin/4.9.2/cyglto_plugin.dll] ==> ignore
    arg [-plugin-opt=/usr/lib/gcc/x86_64-pc-cygwin/4.9.2/lto-wrapper.exe] ==> ignore
    arg [-plugin-opt=-fresolution=/tmp/ccXmm8Lh.res] ==> ignore
    arg [-plugin-opt=-pass-through=-lgcc_s] ==> ignore
    arg [-plugin-opt=-pass-through=-lgcc] ==> ignore
    arg [-plugin-opt=-pass-through=-lcygwin] ==> ignore
    arg [-plugin-opt=-pass-through=-ladvapi32] ==> ignore
    arg [-plugin-opt=-pass-through=-lshell32] ==> ignore
    arg [-plugin-opt=-pass-through=-luser32] ==> ignore
    arg [-plugin-opt=-pass-through=-lkernel32] ==> ignore
    arg [-plugin-opt=-pass-through=-lgcc_s] ==> ignore
    arg [-plugin-opt=-pass-through=-lgcc] ==> ignore
    arg [--build-id] ==> ignore
    arg [-m] ==> ignore
    arg [i386pep] ==> ignore
    arg [--wrap] ==> ignore
    arg [_Znwm] ==> ignore
    arg [--wrap] ==> ignore
    arg [_Znam] ==> ignore
    arg [--wrap] ==> ignore
    arg [_ZdlPv] ==> ignore
    arg [--wrap] ==> ignore
    arg [_ZdaPv] ==> ignore
    arg [--wrap] ==> ignore
    arg [_ZnwmRKSt9nothrow_t] ==> ignore
    arg [--wrap] ==> ignore
    arg [_ZnamRKSt9nothrow_t] ==> ignore
    arg [--wrap] ==> ignore
    arg [_ZdlPvRKSt9nothrow_t] ==> ignore
    arg [--wrap] ==> ignore
    arg [_ZdaPvRKSt9nothrow_t] ==> ignore
    arg [-Bdynamic] ==> ignore
    arg [--dll-search-prefix=cyg] ==> ignore
    arg [-tsaware] ==> ignore
    arg [-o] ==> ignore
    arg [cmTryCompileExec2298035840.exe] ==> ignore
    arg [/usr/lib/gcc/x86_64-pc-cygwin/4.9.2/../../../../lib/crt0.o] ==> ignore
    arg [/usr/lib/gcc/x86_64-pc-cygwin/4.9.2/crtbegin.o] ==> ignore
    arg [-L/usr/lib/gcc/x86_64-pc-cygwin/4.9.2] ==> dir [/usr/lib/gcc/x86_64-pc-cygwin/4.9.2]
    arg [-L/usr/lib/gcc/x86_64-pc-cygwin/4.9.2/../../../../x86_64-pc-cygwin/lib/../lib] ==> dir [/usr/lib/gcc/x86_64-pc-cygwin/4.9.2/../../../../x86_64-pc-cygwin/lib/../lib]
    arg [-L/usr/lib/gcc/x86_64-pc-cygwin/4.9.2/../../../../lib] ==> dir [/usr/lib/gcc/x86_64-pc-cygwin/4.9.2/../../../../lib]
    arg [-L/lib/../lib] ==> dir [/lib/../lib]
    arg [-L/usr/lib/../lib] ==> dir [/usr/lib/../lib]
    arg [-L/usr/lib/gcc/x86_64-pc-cygwin/4.9.2/../../../../x86_64-pc-cygwin/lib] ==> dir [/usr/lib/gcc/x86_64-pc-cygwin/4.9.2/../../../../x86_64-pc-cygwin/lib]
    arg [-L/usr/lib/gcc/x86_64-pc-cygwin/4.9.2/../../..] ==> dir [/usr/lib/gcc/x86_64-pc-cygwin/4.9.2/../../..]
    arg [CMakeFiles/cmTryCompileExec2298035840.dir/CMakeCCompilerABI.c.o] ==> ignore
    arg [--out-implib] ==> ignore
    arg [libcmTryCompileExec2298035840.dll.a] ==> ignore
    arg [--major-image-version] ==> ignore
    arg [0] ==> ignore
    arg [--minor-image-version] ==> ignore
    arg [0] ==> ignore
    arg [-lgcc_s] ==> lib [gcc_s]
    arg [-lgcc] ==> lib [gcc]
    arg [-lcygwin] ==> lib [cygwin]
    arg [-ladvapi32] ==> lib [advapi32]
    arg [-lshell32] ==> lib [shell32]
    arg [-luser32] ==> lib [user32]
    arg [-lkernel32] ==> lib [kernel32]
    arg [-lgcc_s] ==> lib [gcc_s]
    arg [-lgcc] ==> lib [gcc]
    arg [/usr/lib/gcc/x86_64-pc-cygwin/4.9.2/../../../../lib/default-manifest.o] ==> ignore
    arg [/usr/lib/gcc/x86_64-pc-cygwin/4.9.2/crtend.o] ==> ignore
  remove lib [gcc_s]
  remove lib [gcc]
  remove lib [gcc_s]
  remove lib [gcc]
  collapse library dir [/usr/lib/gcc/x86_64-pc-cygwin/4.9.2] ==> [/usr/lib/gcc/x86_64-pc-cygwin/4.9.2]
  collapse library dir [/usr/lib/gcc/x86_64-pc-cygwin/4.9.2/../../../../x86_64-pc-cygwin/lib/../lib] ==> [/usr/x86_64-pc-cygwin/lib]
  collapse library dir [/usr/lib/gcc/x86_64-pc-cygwin/4.9.2/../../../../lib] ==> [/usr/lib]
  collapse library dir [/lib/../lib] ==> [/lib]
  collapse library dir [/usr/lib/../lib] ==> [/usr/lib]
  collapse library dir [/usr/lib/gcc/x86_64-pc-cygwin/4.9.2/../../../../x86_64-pc-cygwin/lib] ==> [/usr/x86_64-pc-cygwin/lib]
  collapse library dir [/usr/lib/gcc/x86_64-pc-cygwin/4.9.2/../../..] ==> [/usr/lib]
  implicit libs: [cygwin;advapi32;shell32;user32;kernel32]
  implicit dirs: [/usr/lib/gcc/x86_64-pc-cygwin/4.9.2;/usr/x86_64-pc-cygwin/lib;/usr/lib;/lib]
  implicit fwks: []


Determining if the CXX compiler works passed with the following output:
Change Dir: /home/mart/hpce-2014-cw4-master/CMakeFiles/CMakeTmp

Run Build Command:/usr/bin/make.exe "cmTryCompileExec403199433/fast"
/usr/bin/make -f CMakeFiles/cmTryCompileExec403199433.dir/build.make CMakeFiles/cmTryCompileExec403199433.dir/build
make[1]: Entering directory '/home/mart/hpce-2014-cw4-master/CMakeFiles/CMakeTmp'
/usr/bin/cmake.exe -E cmake_progress_report /home/mart/hpce-2014-cw4-master/CMakeFiles/CMakeTmp/CMakeFiles 1
Building CXX object CMakeFiles/cmTryCompileExec403199433.dir/testCXXCompiler.cxx.o
/usr/bin/c++.exe     -o CMakeFiles/cmTryCompileExec403199433.dir/testCXXCompiler.cxx.o -c /home/mart/hpce-2014-cw4-master/CMakeFiles/CMakeTmp/testCXXCompiler.cxx
Linking CXX executable cmTryCompileExec403199433.exe
/usr/bin/cmake.exe -E cmake_link_script CMakeFiles/cmTryCompileExec403199433.dir/link.txt --verbose=1
/usr/bin/c++.exe       -Wl,--enable-auto-import  CMakeFiles/cmTryCompileExec403199433.dir/testCXXCompiler.cxx.o  -o cmTryCompileExec403199433.exe -Wl,--out-implib,libcmTryCompileExec403199433.dll.a -Wl,--major-image-version,0,--minor-image-version,0  
make[1]: Leaving directory '/home/mart/hpce-2014-cw4-master/CMakeFiles/CMakeTmp'


Detecting CXX compiler ABI info compiled with the following output:
Change Dir: /home/mart/hpce-2014-cw4-master/CMakeFiles/CMakeTmp

Run Build Command:/usr/bin/make.exe "cmTryCompileExec896460436/fast"
/usr/bin/make -f CMakeFiles/cmTryCompileExec896460436.dir/build.make CMakeFiles/cmTryCompileExec896460436.dir/build
make[1]: Entering directory '/home/mart/hpce-2014-cw4-master/CMakeFiles/CMakeTmp'
/usr/bin/cmake.exe -E cmake_progress_report /home/mart/hpce-2014-cw4-master/CMakeFiles/CMakeTmp/CMakeFiles 1
Building CXX object CMakeFiles/cmTryCompileExec896460436.dir/CMakeCXXCompilerABI.cpp.o
/usr/bin/c++.exe     -o CMakeFiles/cmTryCompileExec896460436.dir/CMakeCXXCompilerABI.cpp.o -c /usr/share/cmake-2.8.11.2/Modules/CMakeCXXCompilerABI.cpp
Linking CXX executable cmTryCompileExec896460436.exe
/usr/bin/cmake.exe -E cmake_link_script CMakeFiles/cmTryCompileExec896460436.dir/link.txt --verbose=1
/usr/bin/c++.exe       -v CMakeFiles/cmTryCompileExec896460436.dir/CMakeCXXCompilerABI.cpp.o  -o cmTryCompileExec896460436.exe -Wl,--out-implib,libcmTryCompileExec896460436.dll.a -Wl,--major-image-version,0,--minor-image-version,0   
Using built-in specs.
COLLECT_GCC=/usr/bin/c++
COLLECT_LTO_WRAPPER=/usr/lib/gcc/x86_64-pc-cygwin/4.9.2/lto-wrapper.exe
Target: x86_64-pc-cygwin
Configured with: /cygdrive/i/szsz/tmpp/gcc/gcc-4.9.2-2.x86_64/src/gcc-4.9.2/configure --srcdir=/cygdrive/i/szsz/tmpp/gcc/gcc-4.9.2-2.x86_64/src/gcc-4.9.2 --prefix=/usr --exec-prefix=/usr --bindir=/usr/bin --sbindir=/usr/sbin --libexecdir=/usr/libexec --datadir=/usr/share --localstatedir=/var --sysconfdir=/etc --libdir=/usr/lib --datarootdir=/usr/share --docdir=/usr/share/doc/gcc --htmldir=/usr/share/doc/gcc/html -C --build=x86_64-pc-cygwin --host=x86_64-pc-cygwin --target=x86_64-pc-cygwin --without-libiconv-prefix --without-libintl-prefix --libexecdir=/usr/lib --enable-shared --enable-shared-libgcc --enable-static --enable-version-specific-runtime-libs --enable-bootstrap --enable-__cxa_atexit --with-dwarf2 --with-tune=generic --enable-languages=ada,c,c++,fortran,lto,objc,obj-c++ --enable-graphite --enable-threads=posix --enable-libatomic --enable-libgomp --disable-libitm --enable-libquadmath --enable-libquadmath-support --enable-libssp --enable-libada --enable-libgcj-sublibs --disable-java-awt --disable-symvers --with-ecj-jar=/usr/share/java/ecj.jar --with-gnu-ld --with-gnu-as --with-cloog-include=/usr/include/cloog-isl --without-libiconv-prefix --without-libintl-prefix --with-system-zlib --enable-linker-build-id
Thread model: posix
gcc version 4.9.2 (GCC) 
COMPILER_PATH=/usr/lib/gcc/x86_64-pc-cygwin/4.9.2/:/usr/lib/gcc/x86_64-pc-cygwin/4.9.2/:/usr/lib/gcc/x86_64-pc-cygwin/:/usr/lib/gcc/x86_64-pc-cygwin/4.9.2/:/usr/lib/gcc/x86_64-pc-cygwin/:/usr/lib/gcc/x86_64-pc-cygwin/4.9.2/../../../../x86_64-pc-cygwin/bin/
LIBRARY_PATH=/usr/lib/gcc/x86_64-pc-cygwin/4.9.2/:/usr/lib/gcc/x86_64-pc-cygwin/4.9.2/../../../../x86_64-pc-cygwin/lib/../lib/:/usr/lib/gcc/x86_64-pc-cygwin/4.9.2/../../../../lib/:/lib/../lib/:/usr/lib/../lib/:/usr/lib/gcc/x86_64-pc-cygwin/4.9.2/../../../../x86_64-pc-cygwin/lib/:/usr/lib/gcc/x86_64-pc-cygwin/4.9.2/../../../:/lib/:/usr/lib/
COLLECT_GCC_OPTIONS='-v' '-o' 'cmTryCompileExec896460436.exe' '-shared-libgcc' '-mtune=generic' '-march=x86-64'
 /usr/lib/gcc/x86_64-pc-cygwin/4.9.2/collect2.exe -plugin /usr/lib/gcc/x86_64-pc-cygwin/4.9.2/cyglto_plugin.dll -plugin-opt=/usr/lib/gcc/x86_64-pc-cygwin/4.9.2/lto-wrapper.exe -plugin-opt=-fresolution=/tmp/ccPpViCY.res -plugin-opt=-pass-through=-lgcc_s -plugin-opt=-pass-through=-lgcc -plugin-opt=-pass-through=-lcygwin -plugin-opt=-pass-through=-ladvapi32 -plugin-opt=-pass-through=-lshell32 -plugin-opt=-pass-through=-luser32 -plugin-opt=-pass-through=-lkernel32 -plugin-opt=-pass-through=-lgcc_s -plugin-opt=-pass-through=-lgcc --build-id -m i386pep --wrap _Znwm --wrap _Znam --wrap _ZdlPv --wrap _ZdaPv --wrap _ZnwmRKSt9nothrow_t --wrap _ZnamRKSt9nothrow_t --wrap _ZdlPvRKSt9nothrow_t --wrap _ZdaPvRKSt9nothrow_t -Bdynamic --dll-search-prefix=cyg -tsaware -o cmTryCompileExec896460436.exe /usr/lib/gcc/x86_64-pc-cygwin/4.9.2/../../../../lib/crt0.o /usr/lib/gcc/x86_64-pc-cygwin/4.9.2/crtbegin.o -L/usr/lib/gcc/x86_64-pc-cygwin/4.9.2 -L/usr/lib/gcc/x86_64-pc-cygwin/4.9.2/../../../../x86_64-pc-cygwin/lib/../lib -L/usr/lib/gcc/x86_64-pc-cygwin/4.9.2/../../../../lib -L/lib/../lib -L/usr/lib/../lib -L/usr/lib/gcc/x86_64-pc-cygwin/4.9.2/../../../../x86_64-pc-cygwin/lib -L/usr/lib/gcc/x86_64-pc-cygwin/4.9.2/../../.. CMakeFiles/cmTryCompileExec896460436.dir/CMakeCXXCompilerABI.cpp.o --out-implib libcmTryCompileExec896460436.dll.a --major-image-version 0 --minor-image-version 0 -lstdc++ -lgcc_s -lgcc -lcygwin -ladvapi32 -lshell32 -luser32 -lkernel32 -lgcc_s -lgcc /usr/lib/gcc/x86_64-pc-cygwin/4.9.2/../../../../lib/default-manifest.o /usr/lib/gcc/x86_64-pc-cygwin/4.9.2/crtend.o
make[1]: Leaving directory '/home/mart/hpce-2014-cw4-master/CMakeFiles/CMakeTmp'


Parsed CXX implicit link information from above output:
  link line regex: [^( *|.*[/\])(ld.exe|ld|collect2)[^/\]*( |$)]
  ignore line: [Change Dir: /home/mart/hpce-2014-cw4-master/CMakeFiles/CMakeTmp]
  ignore line: []
  ignore line: [Run Build Command:/usr/bin/make.exe "cmTryCompileExec896460436/fast"]
  ignore line: [/usr/bin/make -f CMakeFiles/cmTryCompileExec896460436.dir/build.make CMakeFiles/cmTryCompileExec896460436.dir/build]
  ignore line: [make[1]: Entering directory '/home/mart/hpce-2014-cw4-master/CMakeFiles/CMakeTmp']
  ignore line: [/usr/bin/cmake.exe -E cmake_progress_report /home/mart/hpce-2014-cw4-master/CMakeFiles/CMakeTmp/CMakeFiles 1]
  ignore line: [Building CXX object CMakeFiles/cmTryCompileExec896460436.dir/CMakeCXXCompilerABI.cpp.o]
  ignore line: [/usr/bin/c++.exe     -o CMakeFiles/cmTryCompileExec896460436.dir/CMakeCXXCompilerABI.cpp.o -c /usr/share/cmake-2.8.11.2/Modules/CMakeCXXCompilerABI.cpp]
  ignore line: [Linking CXX executable cmTryCompileExec896460436.exe]
  ignore line: [/usr/bin/cmake.exe -E cmake_link_script CMakeFiles/cmTryCompileExec896460436.dir/link.txt --verbose=1]
  ignore line: [/usr/bin/c++.exe       -v CMakeFiles/cmTryCompileExec896460436.dir/CMakeCXXCompilerABI.cpp.o  -o cmTryCompileExec896460436.exe -Wl,--out-implib,libcmTryCompileExec896460436.dll.a -Wl,--major-image-version,0,--minor-image-version,0   ]
  ignore line: [Using built-in specs.]
  ignore line: [COLLECT_GCC=/usr/bin/c++]
  ignore line: [COLLECT_LTO_WRAPPER=/usr/lib/gcc/x86_64-pc-cygwin/4.9.2/lto-wrapper.exe]
  ignore line: [Target: x86_64-pc-cygwin]
  ignore line: [Configured with: /cygdrive/i/szsz/tmpp/gcc/gcc-4.9.2-2.x86_64/src/gcc-4.9.2/configure --srcdir=/cygdrive/i/szsz/tmpp/gcc/gcc-4.9.2-2.x86_64/src/gcc-4.9.2 --prefix=/usr --exec-prefix=/usr --bindir=/usr/bin --sbindir=/usr/sbin --libexecdir=/usr/libexec --datadir=/usr/share --localstatedir=/var --sysconfdir=/etc --libdir=/usr/lib --datarootdir=/usr/share --docdir=/usr/share/doc/gcc --htmldir=/usr/share/doc/gcc/html -C --build=x86_64-pc-cygwin --host=x86_64-pc-cygwin --target=x86_64-pc-cygwin --without-libiconv-prefix --without-libintl-prefix --libexecdir=/usr/lib --enable-shared --enable-shared-libgcc --enable-static --enable-version-specific-runtime-libs --enable-bootstrap --enable-__cxa_atexit --with-dwarf2 --with-tune=generic --enable-languages=ada,c,c++,fortran,lto,objc,obj-c++ --enable-graphite --enable-threads=posix --enable-libatomic --enable-libgomp --disable-libitm --enable-libquadmath --enable-libquadmath-support --enable-libssp --enable-libada --enable-libgcj-sublibs --disable-java-awt --disable-symvers --with-ecj-jar=/usr/share/java/ecj.jar --with-gnu-ld --with-gnu-as --with-cloog-include=/usr/include/cloog-isl --without-libiconv-prefix --without-libintl-prefix --with-system-zlib --enable-linker-build-id]
  ignore line: [Thread model: posix]
  ignore line: [gcc version 4.9.2 (GCC) ]
  ignore line: [COMPILER_PATH=/usr/lib/gcc/x86_64-pc-cygwin/4.9.2/:/usr/lib/gcc/x86_64-pc-cygwin/4.9.2/:/usr/lib/gcc/x86_64-pc-cygwin/:/usr/lib/gcc/x86_64-pc-cygwin/4.9.2/:/usr/lib/gcc/x86_64-pc-cygwin/:/usr/lib/gcc/x86_64-pc-cygwin/4.9.2/../../../../x86_64-pc-cygwin/bin/]
  ignore line: [LIBRARY_PATH=/usr/lib/gcc/x86_64-pc-cygwin/4.9.2/:/usr/lib/gcc/x86_64-pc-cygwin/4.9.2/../../../../x86_64-pc-cygwin/lib/../lib/:/usr/lib/gcc/x86_64-pc-cygwin/4.9.2/../../../../lib/:/lib/../lib/:/usr/lib/../lib/:/usr/lib/gcc/x86_64-pc-cygwin/4.9.2/../../../../x86_64-pc-cygwin/lib/:/usr/lib/gcc/x86_64-pc-cygwin/4.9.2/../../../:/lib/:/usr/lib/]
  ignore line: [COLLECT_GCC_OPTIONS='-v' '-o' 'cmTryCompileExec896460436.exe' '-shared-libgcc' '-mtune=generic' '-march=x86-64']
  link line: [ /usr/lib/gcc/x86_64-pc-cygwin/4.9.2/collect2.exe -plugin /usr/lib/gcc/x86_64-pc-cygwin/4.9.2/cyglto_plugin.dll -plugin-opt=/usr/lib/gcc/x86_64-pc-cygwin/4.9.2/lto-wrapper.exe -plugin-opt=-fresolution=/tmp/ccPpViCY.res -plugin-opt=-pass-through=-lgcc_s -plugin-opt=-pass-through=-lgcc -plugin-opt=-pass-through=-lcygwin -plugin-opt=-pass-through=-ladvapi32 -plugin-opt=-pass-through=-lshell32 -plugin-opt=-pass-through=-luser32 -plugin-opt=-pass-through=-lkernel32 -plugin-opt=-pass-through=-lgcc_s -plugin-opt=-pass-through=-lgcc --build-id -m i386pep --wrap _Znwm --wrap _Znam --wrap _ZdlPv --wrap _ZdaPv --wrap _ZnwmRKSt9nothrow_t --wrap _ZnamRKSt9nothrow_t --wrap _ZdlPvRKSt9nothrow_t --wrap _ZdaPvRKSt9nothrow_t -Bdynamic --dll-search-prefix=cyg -tsaware -o cmTryCompileExec896460436.exe /usr/lib/gcc/x86_64-pc-cygwin/4.9.2/../../../../lib/crt0.o /usr/lib/gcc/x86_64-pc-cygwin/4.9.2/crtbegin.o -L/usr/lib/gcc/x86_64-pc-cygwin/4.9.2 -L/usr/lib/gcc/x86_64-pc-cygwin/4.9.2/../../../../x86_64-pc-cygwin/lib/../lib -L/usr/lib/gcc/x86_64-pc-cygwin/4.9.2/../../../../lib -L/lib/../lib -L/usr/lib/../lib -L/usr/lib/gcc/x86_64-pc-cygwin/4.9.2/../../../../x86_64-pc-cygwin/lib -L/usr/lib/gcc/x86_64-pc-cygwin/4.9.2/../../.. CMakeFiles/cmTryCompileExec896460436.dir/CMakeCXXCompilerABI.cpp.o --out-implib libcmTryCompileExec896460436.dll.a --major-image-version 0 --minor-image-version 0 -lstdc++ -lgcc_s -lgcc -lcygwin -ladvapi32 -lshell32 -luser32 -lkernel32 -lgcc_s -lgcc /usr/lib/gcc/x86_64-pc-cygwin/4.9.2/../../../../lib/default-manifest.o /usr/lib/gcc/x86_64-pc-cygwin/4.9.2/crtend.o]
    arg [/usr/lib/gcc/x86_64-pc-cygwin/4.9.2/collect2.exe] ==> ignore
    arg [-plugin] ==> ignore
    arg [/usr/lib/gcc/x86_64-pc-cygwin/4.9.2/cyglto_plugin.dll] ==> ignore
    arg [-plugin-opt=/usr/lib/gcc/x86_64-pc-cygwin/4.9.2/lto-wrapper.exe] ==> ignore
    arg [-plugin-opt=-fresolution=/tmp/ccPpViCY.res] ==> ignore
    arg [-plugin-opt=-pass-through=-lgcc_s] ==> ignore
    arg [-plugin-opt=-pass-through=-lgcc] ==> ignore
    arg [-plugin-opt=-pass-through=-lcygwin] ==> ignore
    arg [-plugin-opt=-pass-through=-ladvapi32] ==> ignore
    arg [-plugin-opt=-pass-through=-lshell32] ==> ignore
    arg [-plugin-opt=-pass-through=-luser32] ==> ignore
    arg [-plugin-opt=-pass-through=-lkernel32] ==> ignore
    arg [-plugin-opt=-pass-through=-lgcc_s] ==> ignore
    arg [-plugin-opt=-pass-through=-lgcc] ==> ignore
    arg [--build-id] ==> ignore
    arg [-m] ==> ignore
    arg [i386pep] ==> ignore
    arg [--wrap] ==> ignore
    arg [_Znwm] ==> ignore
    arg [--wrap] ==> ignore
    arg [_Znam] ==> ignore
    arg [--wrap] ==> ignore
    arg [_ZdlPv] ==> ignore
    arg [--wrap] ==> ignore
    arg [_ZdaPv] ==> ignore
    arg [--wrap] ==> ignore
    arg [_ZnwmRKSt9nothrow_t] ==> ignore
    arg [--wrap] ==> ignore
    arg [_ZnamRKSt9nothrow_t] ==> ignore
    arg [--wrap] ==> ignore
    arg [_ZdlPvRKSt9nothrow_t] ==> ignore
    arg [--wrap] ==> ignore
    arg [_ZdaPvRKSt9nothrow_t] ==> ignore
    arg [-Bdynamic] ==> ignore
    arg [--dll-search-prefix=cyg] ==> ignore
    arg [-tsaware] ==> ignore
    arg [-o] ==> ignore
    arg [cmTryCompileExec896460436.exe] ==> ignore
    arg [/usr/lib/gcc/x86_64-pc-cygwin/4.9.2/../../../../lib/crt0.o] ==> ignore
    arg [/usr/lib/gcc/x86_64-pc-cygwin/4.9.2/crtbegin.o] ==> ignore
    arg [-L/usr/lib/gcc/x86_64-pc-cygwin/4.9.2] ==> dir [/usr/lib/gcc/x86_64-pc-cygwin/4.9.2]
    arg [-L/usr/lib/gcc/x86_64-pc-cygwin/4.9.2/../../../../x86_64-pc-cygwin/lib/../lib] ==> dir [/usr/lib/gcc/x86_64-pc-cygwin/4.9.2/../../../../x86_64-pc-cygwin/lib/../lib]
    arg [-L/usr/lib/gcc/x86_64-pc-cygwin/4.9.2/../../../../lib] ==> dir [/usr/lib/gcc/x86_64-pc-cygwin/4.9.2/../../../../lib]
    arg [-L/lib/../lib] ==> dir [/lib/../lib]
    arg [-L/usr/lib/../lib] ==> dir [/usr/lib/../lib]
    arg [-L/usr/lib/gcc/x86_64-pc-cygwin/4.9.2/../../../../x86_64-pc-cygwin/lib] ==> dir [/usr/lib/gcc/x86_64-pc-cygwin/4.9.2/../../../../x86_64-pc-cygwin/lib]
    arg [-L/usr/lib/gcc/x86_64-pc-cygwin/4.9.2/../../..] ==> dir [/usr/lib/gcc/x86_64-pc-cygwin/4.9.2/../../..]
    arg [CMakeFiles/cmTryCompileExec896460436.dir/CMakeCXXCompilerABI.cpp.o] ==> ignore
    arg [--out-implib] ==> ignore
    arg [libcmTryCompileExec896460436.dll.a] ==> ignore
    arg [--major-image-version] ==> ignore
    arg [0] ==> ignore
    arg [--minor-image-version] ==> ignore
    arg [0] ==> ignore
    arg [-lstdc++] ==> lib [stdc++]
    arg [-lgcc_s] ==> lib [gcc_s]
    arg [-lgcc] ==> lib [gcc]
    arg [-lcygwin] ==> lib [cygwin]
    arg [-ladvapi32] ==> lib [advapi32]
    arg [-lshell32] ==> lib [shell32]
    arg [-luser32] ==> lib [user32]
    arg [-lkernel32] ==> lib [kernel32]
    arg [-lgcc_s] ==> lib [gcc_s]
    arg [-lgcc] ==> lib [gcc]
    arg [/usr/lib/gcc/x86_64-pc-cygwin/4.9.2/../../../../lib/default-manifest.o] ==> ignore
    arg [/usr/lib/gcc/x86_64-pc-cygwin/4.9.2/crtend.o] ==> ignore
  remove lib [gcc_s]
  remove lib [gcc]
  remove lib [gcc_s]
  remove lib [gcc]
  collapse library dir [/usr/lib/gcc/x86_64-pc-cygwin/4.9.2] ==> [/usr/lib/gcc/x86_64-pc-cygwin/4.9.2]
  collapse library dir [/usr/lib/gcc/x86_64-pc-cygwin/4.9.2/../../../../x86_64-pc-cygwin/lib/../lib] ==> [/usr/x86_64-pc-cygwin/lib]
  collapse library dir [/usr/lib/gcc/x86_64-pc-cygwin/4.9.2/../../../../lib] ==> [/usr/lib]
  collapse library dir [/lib/../lib] ==> [/lib]
  collapse library dir [/usr/lib/../lib] ==> [/usr/lib]
  collapse library dir [/usr/lib/gcc/x86_64-pc-cygwin/4.9.2/../../../../x86_64-pc-cygwin/lib] ==> [/usr/x86_64-pc-cygwin/lib]
  collapse library dir [/usr/lib/gcc/x86_64-pc-cygwin/4.9.2/../../..] ==> [/usr/lib]
  implicit libs: [stdc++;cygwin;advapi32;shell32;user32;kernel32]
  implicit dirs: [/usr/lib/gcc/x86_64-pc-cygwin/4.9.2;/usr/x86_64-pc-cygwin/lib;/usr/lib;/lib]
  implicit fwks: []


